Performing C SOURCE FILE Test HAVE_GCC_WDOCUMENTATION failed with the following output:
Change Dir: /home/dev/projects/snake/build/CMakeFiles/CMakeTmp

Run Build Command(s):/usr/bin/gmake cmTC_79396/fast && /usr/bin/gmake  -f CMakeFiles/cmTC_79396.dir/build.make CMakeFiles/cmTC_79396.dir/build
gmake[1]: Entering directory '/home/dev/projects/snake/build/CMakeFiles/CMakeTmp'
Building C object CMakeFiles/cmTC_79396.dir/src.c.o
/usr/bin/cc   -DHAVE_GCC_WDOCUMENTATION  -D_GNU_SOURCE=1   -Wdocumentation -o CMakeFiles/cmTC_79396.dir/src.c.o -c /home/dev/projects/snake/build/CMakeFiles/CMakeTmp/src.c
cc: error: unrecognized command-line option '-Wdocumentation'
gmake[1]: *** [CMakeFiles/cmTC_79396.dir/build.make:85: CMakeFiles/cmTC_79396.dir/src.c.o] Error 1
gmake[1]: Leaving directory '/home/dev/projects/snake/build/CMakeFiles/CMakeTmp'
gmake: *** [Makefile:140: cmTC_79396/fast] Error 2


Source file was:
int main(void) { return 0; }
Performing C SOURCE FILE Test HAVE_GCC_WDOCUMENTATION_UNKNOWN_COMMAND failed with the following output:
Change Dir: /home/dev/projects/snake/build/CMakeFiles/CMakeTmp

Run Build Command(s):/usr/bin/gmake cmTC_c00f5/fast && /usr/bin/gmake  -f CMakeFiles/cmTC_c00f5.dir/build.make CMakeFiles/cmTC_c00f5.dir/build
gmake[1]: Entering directory '/home/dev/projects/snake/build/CMakeFiles/CMakeTmp'
Building C object CMakeFiles/cmTC_c00f5.dir/src.c.o
/usr/bin/cc   -DHAVE_GCC_WDOCUMENTATION_UNKNOWN_COMMAND  -D_GNU_SOURCE=1   -Wdocumentation-unknown-command -o CMakeFiles/cmTC_c00f5.dir/src.c.o -c /home/dev/projects/snake/build/CMakeFiles/CMakeTmp/src.c
cc: error: unrecognized command-line option '-Wdocumentation-unknown-command'
gmake[1]: *** [CMakeFiles/cmTC_c00f5.dir/build.make:85: CMakeFiles/cmTC_c00f5.dir/src.c.o] Error 1
gmake[1]: Leaving directory '/home/dev/projects/snake/build/CMakeFiles/CMakeTmp'
gmake: *** [Makefile:140: cmTC_c00f5/fast] Error 2


Source file was:
int main(void) { return 0; }
Performing C SOURCE FILE Test HAVE_GCC_COMMENT_BLOCK_COMMANDS failed with the following output:
Change Dir: /home/dev/projects/snake/build/CMakeFiles/CMakeTmp

Run Build Command(s):/usr/bin/gmake cmTC_67f9e/fast && /usr/bin/gmake  -f CMakeFiles/cmTC_67f9e.dir/build.make CMakeFiles/cmTC_67f9e.dir/build
gmake[1]: Entering directory '/home/dev/projects/snake/build/CMakeFiles/CMakeTmp'
Building C object CMakeFiles/cmTC_67f9e.dir/src.c.o
/usr/bin/cc   -DHAVE_GCC_COMMENT_BLOCK_COMMANDS  -D_GNU_SOURCE=1   -fcomment-block-commands=threadsafety -o CMakeFiles/cmTC_67f9e.dir/src.c.o -c /home/dev/projects/snake/build/CMakeFiles/CMakeTmp/src.c
cc: error: unrecognized command-line option '-fcomment-block-commands=threadsafety'
gmake[1]: *** [CMakeFiles/cmTC_67f9e.dir/build.make:85: CMakeFiles/cmTC_67f9e.dir/src.c.o] Error 1
gmake[1]: Leaving directory '/home/dev/projects/snake/build/CMakeFiles/CMakeTmp'
gmake: *** [Makefile:140: cmTC_67f9e/fast] Error 2


Source file was:
int main(void) { return 0; }
Performing C SOURCE FILE Test HAVE_CLANG_COMMENT_BLOCK_COMMANDS failed with the following output:
Change Dir: /home/dev/projects/snake/build/CMakeFiles/CMakeTmp

Run Build Command(s):/usr/bin/gmake cmTC_cc22c/fast && /usr/bin/gmake  -f CMakeFiles/cmTC_cc22c.dir/build.make CMakeFiles/cmTC_cc22c.dir/build
gmake[1]: Entering directory '/home/dev/projects/snake/build/CMakeFiles/CMakeTmp'
Building C object CMakeFiles/cmTC_cc22c.dir/src.c.o
/usr/bin/cc   -DHAVE_CLANG_COMMENT_BLOCK_COMMANDS  -D_GNU_SOURCE=1   /clang:-fcomment-block-commands=threadsafety -o CMakeFiles/cmTC_cc22c.dir/src.c.o -c /home/dev/projects/snake/build/CMakeFiles/CMakeTmp/src.c
cc: error: /clang:-fcomment-block-commands=threadsafety: No such file or directory
gmake[1]: *** [CMakeFiles/cmTC_cc22c.dir/build.make:85: CMakeFiles/cmTC_cc22c.dir/src.c.o] Error 1
gmake[1]: Leaving directory '/home/dev/projects/snake/build/CMakeFiles/CMakeTmp'
gmake: *** [Makefile:140: cmTC_cc22c/fast] Error 2


Source file was:
int main(void) { return 0; }
Determining if the _i64toa exist failed with the following output:
Change Dir: /home/dev/projects/snake/build/CMakeFiles/CMakeTmp

Run Build Command(s):/usr/bin/gmake cmTC_a3810/fast && /usr/bin/gmake  -f CMakeFiles/cmTC_a3810.dir/build.make CMakeFiles/cmTC_a3810.dir/build
gmake[1]: Entering directory '/home/dev/projects/snake/build/CMakeFiles/CMakeTmp'
Building C object CMakeFiles/cmTC_a3810.dir/CheckSymbolExists.c.o
/usr/bin/cc   -D_GNU_SOURCE=1 -o CMakeFiles/cmTC_a3810.dir/CheckSymbolExists.c.o -c /home/dev/projects/snake/build/CMakeFiles/CMakeTmp/CheckSymbolExists.c
/home/dev/projects/snake/build/CMakeFiles/CMakeTmp/CheckSymbolExists.c: In function ‘main’:
/home/dev/projects/snake/build/CMakeFiles/CMakeTmp/CheckSymbolExists.c:26:19: error: ‘_i64toa’ undeclared (first use in this function)
   26 |   return ((int*)(&_i64toa))[argc];
      |                   ^~~~~~~
/home/dev/projects/snake/build/CMakeFiles/CMakeTmp/CheckSymbolExists.c:26:19: note: each undeclared identifier is reported only once for each function it appears in
gmake[1]: *** [CMakeFiles/cmTC_a3810.dir/build.make:85: CMakeFiles/cmTC_a3810.dir/CheckSymbolExists.c.o] Error 1
gmake[1]: Leaving directory '/home/dev/projects/snake/build/CMakeFiles/CMakeTmp'
gmake: *** [Makefile:140: cmTC_a3810/fast] Error 2


File /home/dev/projects/snake/build/CMakeFiles/CMakeTmp/CheckSymbolExists.c:
/* */
#include <float.h>
#include <iconv.h>
#include <inttypes.h>
#include <limits.h>
#include <malloc.h>
#include <math.h>
#include <memory.h>
#include <signal.h>
#include <stdarg.h>
#include <stdbool.h>
#include <stddef.h>
#include <stdint.h>
#include <stdio.h>
#include <stdlib.h>
#include <string.h>
#include <strings.h>
#include <sys/types.h>
#include <time.h>
#include <wchar.h>

int main(int argc, char** argv)
{
  (void)argv;
#ifndef _i64toa
  return ((int*)(&_i64toa))[argc];
#else
  (void)argc;
  return 0;
#endif
}
Determining if the itoa exist failed with the following output:
Change Dir: /home/dev/projects/snake/build/CMakeFiles/CMakeTmp

Run Build Command(s):/usr/bin/gmake cmTC_5a576/fast && /usr/bin/gmake  -f CMakeFiles/cmTC_5a576.dir/build.make CMakeFiles/cmTC_5a576.dir/build
gmake[1]: Entering directory '/home/dev/projects/snake/build/CMakeFiles/CMakeTmp'
Building C object CMakeFiles/cmTC_5a576.dir/CheckSymbolExists.c.o
/usr/bin/cc   -D_GNU_SOURCE=1 -o CMakeFiles/cmTC_5a576.dir/CheckSymbolExists.c.o -c /home/dev/projects/snake/build/CMakeFiles/CMakeTmp/CheckSymbolExists.c
/home/dev/projects/snake/build/CMakeFiles/CMakeTmp/CheckSymbolExists.c: In function ‘main’:
/home/dev/projects/snake/build/CMakeFiles/CMakeTmp/CheckSymbolExists.c:26:19: error: ‘itoa’ undeclared (first use in this function)
   26 |   return ((int*)(&itoa))[argc];
      |                   ^~~~
/home/dev/projects/snake/build/CMakeFiles/CMakeTmp/CheckSymbolExists.c:26:19: note: each undeclared identifier is reported only once for each function it appears in
gmake[1]: *** [CMakeFiles/cmTC_5a576.dir/build.make:85: CMakeFiles/cmTC_5a576.dir/CheckSymbolExists.c.o] Error 1
gmake[1]: Leaving directory '/home/dev/projects/snake/build/CMakeFiles/CMakeTmp'
gmake: *** [Makefile:140: cmTC_5a576/fast] Error 2


File /home/dev/projects/snake/build/CMakeFiles/CMakeTmp/CheckSymbolExists.c:
/* */
#include <float.h>
#include <iconv.h>
#include <inttypes.h>
#include <limits.h>
#include <malloc.h>
#include <math.h>
#include <memory.h>
#include <signal.h>
#include <stdarg.h>
#include <stdbool.h>
#include <stddef.h>
#include <stdint.h>
#include <stdio.h>
#include <stdlib.h>
#include <string.h>
#include <strings.h>
#include <sys/types.h>
#include <time.h>
#include <wchar.h>

int main(int argc, char** argv)
{
  (void)argv;
#ifndef itoa
  return ((int*)(&itoa))[argc];
#else
  (void)argc;
  return 0;
#endif
}
Determining if the _ltoa exist failed with the following output:
Change Dir: /home/dev/projects/snake/build/CMakeFiles/CMakeTmp

Run Build Command(s):/usr/bin/gmake cmTC_02325/fast && /usr/bin/gmake  -f CMakeFiles/cmTC_02325.dir/build.make CMakeFiles/cmTC_02325.dir/build
gmake[1]: Entering directory '/home/dev/projects/snake/build/CMakeFiles/CMakeTmp'
Building C object CMakeFiles/cmTC_02325.dir/CheckSymbolExists.c.o
/usr/bin/cc   -D_GNU_SOURCE=1 -o CMakeFiles/cmTC_02325.dir/CheckSymbolExists.c.o -c /home/dev/projects/snake/build/CMakeFiles/CMakeTmp/CheckSymbolExists.c
/home/dev/projects/snake/build/CMakeFiles/CMakeTmp/CheckSymbolExists.c: In function ‘main’:
/home/dev/projects/snake/build/CMakeFiles/CMakeTmp/CheckSymbolExists.c:26:19: error: ‘_ltoa’ undeclared (first use in this function)
   26 |   return ((int*)(&_ltoa))[argc];
      |                   ^~~~~
/home/dev/projects/snake/build/CMakeFiles/CMakeTmp/CheckSymbolExists.c:26:19: note: each undeclared identifier is reported only once for each function it appears in
gmake[1]: *** [CMakeFiles/cmTC_02325.dir/build.make:85: CMakeFiles/cmTC_02325.dir/CheckSymbolExists.c.o] Error 1
gmake[1]: Leaving directory '/home/dev/projects/snake/build/CMakeFiles/CMakeTmp'
gmake: *** [Makefile:140: cmTC_02325/fast] Error 2


File /home/dev/projects/snake/build/CMakeFiles/CMakeTmp/CheckSymbolExists.c:
/* */
#include <float.h>
#include <iconv.h>
#include <inttypes.h>
#include <limits.h>
#include <malloc.h>
#include <math.h>
#include <memory.h>
#include <signal.h>
#include <stdarg.h>
#include <stdbool.h>
#include <stddef.h>
#include <stdint.h>
#include <stdio.h>
#include <stdlib.h>
#include <string.h>
#include <strings.h>
#include <sys/types.h>
#include <time.h>
#include <wchar.h>

int main(int argc, char** argv)
{
  (void)argv;
#ifndef _ltoa
  return ((int*)(&_ltoa))[argc];
#else
  (void)argc;
  return 0;
#endif
}
Determining if the sqr exist failed with the following output:
Change Dir: /home/dev/projects/snake/build/CMakeFiles/CMakeTmp

Run Build Command(s):/usr/bin/gmake cmTC_29400/fast && /usr/bin/gmake  -f CMakeFiles/cmTC_29400.dir/build.make CMakeFiles/cmTC_29400.dir/build
gmake[1]: Entering directory '/home/dev/projects/snake/build/CMakeFiles/CMakeTmp'
Building C object CMakeFiles/cmTC_29400.dir/CheckSymbolExists.c.o
/usr/bin/cc   -D_GNU_SOURCE=1 -o CMakeFiles/cmTC_29400.dir/CheckSymbolExists.c.o -c /home/dev/projects/snake/build/CMakeFiles/CMakeTmp/CheckSymbolExists.c
/home/dev/projects/snake/build/CMakeFiles/CMakeTmp/CheckSymbolExists.c: In function ‘main’:
/home/dev/projects/snake/build/CMakeFiles/CMakeTmp/CheckSymbolExists.c:26:19: error: ‘sqr’ undeclared (first use in this function); did you mean ‘sqrt’?
   26 |   return ((int*)(&sqr))[argc];
      |                   ^~~
      |                   sqrt
/home/dev/projects/snake/build/CMakeFiles/CMakeTmp/CheckSymbolExists.c:26:19: note: each undeclared identifier is reported only once for each function it appears in
gmake[1]: *** [CMakeFiles/cmTC_29400.dir/build.make:85: CMakeFiles/cmTC_29400.dir/CheckSymbolExists.c.o] Error 1
gmake[1]: Leaving directory '/home/dev/projects/snake/build/CMakeFiles/CMakeTmp'
gmake: *** [Makefile:140: cmTC_29400/fast] Error 2


File /home/dev/projects/snake/build/CMakeFiles/CMakeTmp/CheckSymbolExists.c:
/* */
#include <float.h>
#include <iconv.h>
#include <inttypes.h>
#include <limits.h>
#include <malloc.h>
#include <math.h>
#include <memory.h>
#include <signal.h>
#include <stdarg.h>
#include <stdbool.h>
#include <stddef.h>
#include <stdint.h>
#include <stdio.h>
#include <stdlib.h>
#include <string.h>
#include <strings.h>
#include <sys/types.h>
#include <time.h>
#include <wchar.h>

int main(int argc, char** argv)
{
  (void)argv;
#ifndef sqr
  return ((int*)(&sqr))[argc];
#else
  (void)argc;
  return 0;
#endif
}
Determining if the strlcat exist failed with the following output:
Change Dir: /home/dev/projects/snake/build/CMakeFiles/CMakeTmp

Run Build Command(s):/usr/bin/gmake cmTC_dcfa0/fast && /usr/bin/gmake  -f CMakeFiles/cmTC_dcfa0.dir/build.make CMakeFiles/cmTC_dcfa0.dir/build
gmake[1]: Entering directory '/home/dev/projects/snake/build/CMakeFiles/CMakeTmp'
Building C object CMakeFiles/cmTC_dcfa0.dir/CheckSymbolExists.c.o
/usr/bin/cc   -D_GNU_SOURCE=1 -o CMakeFiles/cmTC_dcfa0.dir/CheckSymbolExists.c.o -c /home/dev/projects/snake/build/CMakeFiles/CMakeTmp/CheckSymbolExists.c
/home/dev/projects/snake/build/CMakeFiles/CMakeTmp/CheckSymbolExists.c: In function ‘main’:
/home/dev/projects/snake/build/CMakeFiles/CMakeTmp/CheckSymbolExists.c:26:19: error: ‘strlcat’ undeclared (first use in this function); did you mean ‘strncat’?
   26 |   return ((int*)(&strlcat))[argc];
      |                   ^~~~~~~
      |                   strncat
/home/dev/projects/snake/build/CMakeFiles/CMakeTmp/CheckSymbolExists.c:26:19: note: each undeclared identifier is reported only once for each function it appears in
gmake[1]: *** [CMakeFiles/cmTC_dcfa0.dir/build.make:85: CMakeFiles/cmTC_dcfa0.dir/CheckSymbolExists.c.o] Error 1
gmake[1]: Leaving directory '/home/dev/projects/snake/build/CMakeFiles/CMakeTmp'
gmake: *** [Makefile:140: cmTC_dcfa0/fast] Error 2


File /home/dev/projects/snake/build/CMakeFiles/CMakeTmp/CheckSymbolExists.c:
/* */
#include <float.h>
#include <iconv.h>
#include <inttypes.h>
#include <limits.h>
#include <malloc.h>
#include <math.h>
#include <memory.h>
#include <signal.h>
#include <stdarg.h>
#include <stdbool.h>
#include <stddef.h>
#include <stdint.h>
#include <stdio.h>
#include <stdlib.h>
#include <string.h>
#include <strings.h>
#include <sys/types.h>
#include <time.h>
#include <wchar.h>

int main(int argc, char** argv)
{
  (void)argv;
#ifndef strlcat
  return ((int*)(&strlcat))[argc];
#else
  (void)argc;
  return 0;
#endif
}
Determining if the strlcpy exist failed with the following output:
Change Dir: /home/dev/projects/snake/build/CMakeFiles/CMakeTmp

Run Build Command(s):/usr/bin/gmake cmTC_ddc98/fast && /usr/bin/gmake  -f CMakeFiles/cmTC_ddc98.dir/build.make CMakeFiles/cmTC_ddc98.dir/build
gmake[1]: Entering directory '/home/dev/projects/snake/build/CMakeFiles/CMakeTmp'
Building C object CMakeFiles/cmTC_ddc98.dir/CheckSymbolExists.c.o
/usr/bin/cc   -D_GNU_SOURCE=1 -o CMakeFiles/cmTC_ddc98.dir/CheckSymbolExists.c.o -c /home/dev/projects/snake/build/CMakeFiles/CMakeTmp/CheckSymbolExists.c
/home/dev/projects/snake/build/CMakeFiles/CMakeTmp/CheckSymbolExists.c: In function ‘main’:
/home/dev/projects/snake/build/CMakeFiles/CMakeTmp/CheckSymbolExists.c:26:19: error: ‘strlcpy’ undeclared (first use in this function); did you mean ‘strncpy’?
   26 |   return ((int*)(&strlcpy))[argc];
      |                   ^~~~~~~
      |                   strncpy
/home/dev/projects/snake/build/CMakeFiles/CMakeTmp/CheckSymbolExists.c:26:19: note: each undeclared identifier is reported only once for each function it appears in
gmake[1]: *** [CMakeFiles/cmTC_ddc98.dir/build.make:85: CMakeFiles/cmTC_ddc98.dir/CheckSymbolExists.c.o] Error 1
gmake[1]: Leaving directory '/home/dev/projects/snake/build/CMakeFiles/CMakeTmp'
gmake: *** [Makefile:140: cmTC_ddc98/fast] Error 2


File /home/dev/projects/snake/build/CMakeFiles/CMakeTmp/CheckSymbolExists.c:
/* */
#include <float.h>
#include <iconv.h>
#include <inttypes.h>
#include <limits.h>
#include <malloc.h>
#include <math.h>
#include <memory.h>
#include <signal.h>
#include <stdarg.h>
#include <stdbool.h>
#include <stddef.h>
#include <stdint.h>
#include <stdio.h>
#include <stdlib.h>
#include <string.h>
#include <strings.h>
#include <sys/types.h>
#include <time.h>
#include <wchar.h>

int main(int argc, char** argv)
{
  (void)argv;
#ifndef strlcpy
  return ((int*)(&strlcpy))[argc];
#else
  (void)argc;
  return 0;
#endif
}
Determining if the strnstr exist failed with the following output:
Change Dir: /home/dev/projects/snake/build/CMakeFiles/CMakeTmp

Run Build Command(s):/usr/bin/gmake cmTC_2e3da/fast && /usr/bin/gmake  -f CMakeFiles/cmTC_2e3da.dir/build.make CMakeFiles/cmTC_2e3da.dir/build
gmake[1]: Entering directory '/home/dev/projects/snake/build/CMakeFiles/CMakeTmp'
Building C object CMakeFiles/cmTC_2e3da.dir/CheckSymbolExists.c.o
/usr/bin/cc   -D_GNU_SOURCE=1 -o CMakeFiles/cmTC_2e3da.dir/CheckSymbolExists.c.o -c /home/dev/projects/snake/build/CMakeFiles/CMakeTmp/CheckSymbolExists.c
/home/dev/projects/snake/build/CMakeFiles/CMakeTmp/CheckSymbolExists.c: In function ‘main’:
/home/dev/projects/snake/build/CMakeFiles/CMakeTmp/CheckSymbolExists.c:26:19: error: ‘strnstr’ undeclared (first use in this function); did you mean ‘strstr’?
   26 |   return ((int*)(&strnstr))[argc];
      |                   ^~~~~~~
      |                   strstr
/home/dev/projects/snake/build/CMakeFiles/CMakeTmp/CheckSymbolExists.c:26:19: note: each undeclared identifier is reported only once for each function it appears in
gmake[1]: *** [CMakeFiles/cmTC_2e3da.dir/build.make:85: CMakeFiles/cmTC_2e3da.dir/CheckSymbolExists.c.o] Error 1
gmake[1]: Leaving directory '/home/dev/projects/snake/build/CMakeFiles/CMakeTmp'
gmake: *** [Makefile:140: cmTC_2e3da/fast] Error 2


File /home/dev/projects/snake/build/CMakeFiles/CMakeTmp/CheckSymbolExists.c:
/* */
#include <float.h>
#include <iconv.h>
#include <inttypes.h>
#include <limits.h>
#include <malloc.h>
#include <math.h>
#include <memory.h>
#include <signal.h>
#include <stdarg.h>
#include <stdbool.h>
#include <stddef.h>
#include <stdint.h>
#include <stdio.h>
#include <stdlib.h>
#include <string.h>
#include <strings.h>
#include <sys/types.h>
#include <time.h>
#include <wchar.h>

int main(int argc, char** argv)
{
  (void)argv;
#ifndef strnstr
  return ((int*)(&strnstr))[argc];
#else
  (void)argc;
  return 0;
#endif
}
Determining if the wcslcat exist failed with the following output:
Change Dir: /home/dev/projects/snake/build/CMakeFiles/CMakeTmp

Run Build Command(s):/usr/bin/gmake cmTC_b2371/fast && /usr/bin/gmake  -f CMakeFiles/cmTC_b2371.dir/build.make CMakeFiles/cmTC_b2371.dir/build
gmake[1]: Entering directory '/home/dev/projects/snake/build/CMakeFiles/CMakeTmp'
Building C object CMakeFiles/cmTC_b2371.dir/CheckSymbolExists.c.o
/usr/bin/cc   -D_GNU_SOURCE=1 -o CMakeFiles/cmTC_b2371.dir/CheckSymbolExists.c.o -c /home/dev/projects/snake/build/CMakeFiles/CMakeTmp/CheckSymbolExists.c
/home/dev/projects/snake/build/CMakeFiles/CMakeTmp/CheckSymbolExists.c: In function ‘main’:
/home/dev/projects/snake/build/CMakeFiles/CMakeTmp/CheckSymbolExists.c:26:19: error: ‘wcslcat’ undeclared (first use in this function); did you mean ‘wcsncat’?
   26 |   return ((int*)(&wcslcat))[argc];
      |                   ^~~~~~~
      |                   wcsncat
/home/dev/projects/snake/build/CMakeFiles/CMakeTmp/CheckSymbolExists.c:26:19: note: each undeclared identifier is reported only once for each function it appears in
gmake[1]: *** [CMakeFiles/cmTC_b2371.dir/build.make:85: CMakeFiles/cmTC_b2371.dir/CheckSymbolExists.c.o] Error 1
gmake[1]: Leaving directory '/home/dev/projects/snake/build/CMakeFiles/CMakeTmp'
gmake: *** [Makefile:140: cmTC_b2371/fast] Error 2


File /home/dev/projects/snake/build/CMakeFiles/CMakeTmp/CheckSymbolExists.c:
/* */
#include <float.h>
#include <iconv.h>
#include <inttypes.h>
#include <limits.h>
#include <malloc.h>
#include <math.h>
#include <memory.h>
#include <signal.h>
#include <stdarg.h>
#include <stdbool.h>
#include <stddef.h>
#include <stdint.h>
#include <stdio.h>
#include <stdlib.h>
#include <string.h>
#include <strings.h>
#include <sys/types.h>
#include <time.h>
#include <wchar.h>

int main(int argc, char** argv)
{
  (void)argv;
#ifndef wcslcat
  return ((int*)(&wcslcat))[argc];
#else
  (void)argc;
  return 0;
#endif
}
Determining if the wcslcpy exist failed with the following output:
Change Dir: /home/dev/projects/snake/build/CMakeFiles/CMakeTmp

Run Build Command(s):/usr/bin/gmake cmTC_6ed9a/fast && /usr/bin/gmake  -f CMakeFiles/cmTC_6ed9a.dir/build.make CMakeFiles/cmTC_6ed9a.dir/build
gmake[1]: Entering directory '/home/dev/projects/snake/build/CMakeFiles/CMakeTmp'
Building C object CMakeFiles/cmTC_6ed9a.dir/CheckSymbolExists.c.o
/usr/bin/cc   -D_GNU_SOURCE=1 -o CMakeFiles/cmTC_6ed9a.dir/CheckSymbolExists.c.o -c /home/dev/projects/snake/build/CMakeFiles/CMakeTmp/CheckSymbolExists.c
/home/dev/projects/snake/build/CMakeFiles/CMakeTmp/CheckSymbolExists.c: In function ‘main’:
/home/dev/projects/snake/build/CMakeFiles/CMakeTmp/CheckSymbolExists.c:26:19: error: ‘wcslcpy’ undeclared (first use in this function); did you mean ‘wcsncpy’?
   26 |   return ((int*)(&wcslcpy))[argc];
      |                   ^~~~~~~
      |                   wcsncpy
/home/dev/projects/snake/build/CMakeFiles/CMakeTmp/CheckSymbolExists.c:26:19: note: each undeclared identifier is reported only once for each function it appears in
gmake[1]: *** [CMakeFiles/cmTC_6ed9a.dir/build.make:85: CMakeFiles/cmTC_6ed9a.dir/CheckSymbolExists.c.o] Error 1
gmake[1]: Leaving directory '/home/dev/projects/snake/build/CMakeFiles/CMakeTmp'
gmake: *** [Makefile:140: cmTC_6ed9a/fast] Error 2


File /home/dev/projects/snake/build/CMakeFiles/CMakeTmp/CheckSymbolExists.c:
/* */
#include <float.h>
#include <iconv.h>
#include <inttypes.h>
#include <limits.h>
#include <malloc.h>
#include <math.h>
#include <memory.h>
#include <signal.h>
#include <stdarg.h>
#include <stdbool.h>
#include <stddef.h>
#include <stdint.h>
#include <stdio.h>
#include <stdlib.h>
#include <string.h>
#include <strings.h>
#include <sys/types.h>
#include <time.h>
#include <wchar.h>

int main(int argc, char** argv)
{
  (void)argv;
#ifndef wcslcpy
  return ((int*)(&wcslcpy))[argc];
#else
  (void)argc;
  return 0;
#endif
}
Determining if the sysctlbyname exist failed with the following output:
Change Dir: /home/dev/projects/snake/build/CMakeFiles/CMakeTmp

Run Build Command(s):/usr/bin/gmake cmTC_ac6f1/fast && /usr/bin/gmake  -f CMakeFiles/cmTC_ac6f1.dir/build.make CMakeFiles/cmTC_ac6f1.dir/build
gmake[1]: Entering directory '/home/dev/projects/snake/build/CMakeFiles/CMakeTmp'
Building C object CMakeFiles/cmTC_ac6f1.dir/CheckSymbolExists.c.o
/usr/bin/cc   -D_GNU_SOURCE=1 -o CMakeFiles/cmTC_ac6f1.dir/CheckSymbolExists.c.o -c /home/dev/projects/snake/build/CMakeFiles/CMakeTmp/CheckSymbolExists.c
In file included from /home/dev/projects/snake/build/CMakeFiles/CMakeTmp/CheckSymbolExists.c:3:
/usr/include/x86_64-linux-gnu/sys/sysctl.h:21:2: warning: #warning "The <sys/sysctl.h> header is deprecated and will be removed." [-Wcpp]
   21 | #warning "The <sys/sysctl.h> header is deprecated and will be removed."
      |  ^~~~~~~
/home/dev/projects/snake/build/CMakeFiles/CMakeTmp/CheckSymbolExists.c: In function ‘main’:
/home/dev/projects/snake/build/CMakeFiles/CMakeTmp/CheckSymbolExists.c:9:19: error: ‘sysctlbyname’ undeclared (first use in this function)
    9 |   return ((int*)(&sysctlbyname))[argc];
      |                   ^~~~~~~~~~~~
/home/dev/projects/snake/build/CMakeFiles/CMakeTmp/CheckSymbolExists.c:9:19: note: each undeclared identifier is reported only once for each function it appears in
gmake[1]: *** [CMakeFiles/cmTC_ac6f1.dir/build.make:85: CMakeFiles/cmTC_ac6f1.dir/CheckSymbolExists.c.o] Error 1
gmake[1]: Leaving directory '/home/dev/projects/snake/build/CMakeFiles/CMakeTmp'
gmake: *** [Makefile:140: cmTC_ac6f1/fast] Error 2


File /home/dev/projects/snake/build/CMakeFiles/CMakeTmp/CheckSymbolExists.c:
/* */
#include <sys/types.h>
#include <sys/sysctl.h>

int main(int argc, char** argv)
{
  (void)argv;
#ifndef sysctlbyname
  return ((int*)(&sysctlbyname))[argc];
#else
  (void)argc;
  return 0;
#endif
}
Determining if the elf_aux_info exist failed with the following output:
Change Dir: /home/dev/projects/snake/build/CMakeFiles/CMakeTmp

Run Build Command(s):/usr/bin/gmake cmTC_eec60/fast && /usr/bin/gmake  -f CMakeFiles/cmTC_eec60.dir/build.make CMakeFiles/cmTC_eec60.dir/build
gmake[1]: Entering directory '/home/dev/projects/snake/build/CMakeFiles/CMakeTmp'
Building C object CMakeFiles/cmTC_eec60.dir/CheckSymbolExists.c.o
/usr/bin/cc   -D_GNU_SOURCE=1 -o CMakeFiles/cmTC_eec60.dir/CheckSymbolExists.c.o -c /home/dev/projects/snake/build/CMakeFiles/CMakeTmp/CheckSymbolExists.c
/home/dev/projects/snake/build/CMakeFiles/CMakeTmp/CheckSymbolExists.c: In function ‘main’:
/home/dev/projects/snake/build/CMakeFiles/CMakeTmp/CheckSymbolExists.c:8:19: error: ‘elf_aux_info’ undeclared (first use in this function)
    8 |   return ((int*)(&elf_aux_info))[argc];
      |                   ^~~~~~~~~~~~
/home/dev/projects/snake/build/CMakeFiles/CMakeTmp/CheckSymbolExists.c:8:19: note: each undeclared identifier is reported only once for each function it appears in
gmake[1]: *** [CMakeFiles/cmTC_eec60.dir/build.make:85: CMakeFiles/cmTC_eec60.dir/CheckSymbolExists.c.o] Error 1
gmake[1]: Leaving directory '/home/dev/projects/snake/build/CMakeFiles/CMakeTmp'
gmake: *** [Makefile:140: cmTC_eec60/fast] Error 2


File /home/dev/projects/snake/build/CMakeFiles/CMakeTmp/CheckSymbolExists.c:
/* */
#include <sys/auxv.h>

int main(int argc, char** argv)
{
  (void)argv;
#ifndef elf_aux_info
  return ((int*)(&elf_aux_info))[argc];
#else
  (void)argc;
  return 0;
#endif
}
Determining if the posix_spawn_file_actions_addchdir exist failed with the following output:
Change Dir: /home/dev/projects/snake/build/CMakeFiles/CMakeTmp

Run Build Command(s):/usr/bin/gmake cmTC_cf1ea/fast && /usr/bin/gmake  -f CMakeFiles/cmTC_cf1ea.dir/build.make CMakeFiles/cmTC_cf1ea.dir/build
gmake[1]: Entering directory '/home/dev/projects/snake/build/CMakeFiles/CMakeTmp'
Building C object CMakeFiles/cmTC_cf1ea.dir/CheckSymbolExists.c.o
/usr/bin/cc   -D_GNU_SOURCE=1 -o CMakeFiles/cmTC_cf1ea.dir/CheckSymbolExists.c.o -c /home/dev/projects/snake/build/CMakeFiles/CMakeTmp/CheckSymbolExists.c
/home/dev/projects/snake/build/CMakeFiles/CMakeTmp/CheckSymbolExists.c: In function ‘main’:
/home/dev/projects/snake/build/CMakeFiles/CMakeTmp/CheckSymbolExists.c:8:19: error: ‘posix_spawn_file_actions_addchdir’ undeclared (first use in this function); did you mean ‘posix_spawn_file_actions_addchdir_np’?
    8 |   return ((int*)(&posix_spawn_file_actions_addchdir))[argc];
      |                   ^~~~~~~~~~~~~~~~~~~~~~~~~~~~~~~~~
      |                   posix_spawn_file_actions_addchdir_np
/home/dev/projects/snake/build/CMakeFiles/CMakeTmp/CheckSymbolExists.c:8:19: note: each undeclared identifier is reported only once for each function it appears in
gmake[1]: *** [CMakeFiles/cmTC_cf1ea.dir/build.make:85: CMakeFiles/cmTC_cf1ea.dir/CheckSymbolExists.c.o] Error 1
gmake[1]: Leaving directory '/home/dev/projects/snake/build/CMakeFiles/CMakeTmp'
gmake: *** [Makefile:140: cmTC_cf1ea/fast] Error 2


File /home/dev/projects/snake/build/CMakeFiles/CMakeTmp/CheckSymbolExists.c:
/* */
#include <spawn.h>

int main(int argc, char** argv)
{
  (void)argv;
#ifndef posix_spawn_file_actions_addchdir
  return ((int*)(&posix_spawn_file_actions_addchdir))[argc];
#else
  (void)argc;
  return 0;
#endif
}
Performing C SOURCE FILE Test ICONV_IN_LIBICONV failed with the following output:
Change Dir: /home/dev/projects/snake/build/CMakeFiles/CMakeTmp

Run Build Command(s):/usr/bin/gmake cmTC_44096/fast && /usr/bin/gmake  -f CMakeFiles/cmTC_44096.dir/build.make CMakeFiles/cmTC_44096.dir/build
gmake[1]: Entering directory '/home/dev/projects/snake/build/CMakeFiles/CMakeTmp'
Building C object CMakeFiles/cmTC_44096.dir/src.c.o
/usr/bin/cc   -DICONV_IN_LIBICONV  -D_GNU_SOURCE=1 -o CMakeFiles/cmTC_44096.dir/src.c.o -c /home/dev/projects/snake/build/CMakeFiles/CMakeTmp/src.c
Linking C executable cmTC_44096
/usr/bin/cmake -E cmake_link_script CMakeFiles/cmTC_44096.dir/link.txt --verbose=1
/usr/bin/cc  -DICONV_IN_LIBICONV  -D_GNU_SOURCE=1 CMakeFiles/cmTC_44096.dir/src.c.o -o cmTC_44096  -liconv 
/usr/bin/ld: cannot find -liconv
collect2: error: ld returned 1 exit status
gmake[1]: *** [CMakeFiles/cmTC_44096.dir/build.make:106: cmTC_44096] Error 1
gmake[1]: Leaving directory '/home/dev/projects/snake/build/CMakeFiles/CMakeTmp'
gmake: *** [Makefile:140: cmTC_44096/fast] Error 2


Source file was:

        #include <stddef.h>
        #include <iconv.h>
        int main(int argc, char **argv) {
            return !iconv_open(NULL,NULL);
        }
Determining if the dlopen exist failed with the following output:
Change Dir: /home/dev/projects/snake/build/CMakeFiles/CMakeTmp

Run Build Command(s):/usr/bin/gmake cmTC_49ce5/fast && /usr/bin/gmake  -f CMakeFiles/cmTC_49ce5.dir/build.make CMakeFiles/cmTC_49ce5.dir/build
gmake[1]: Entering directory '/home/dev/projects/snake/build/CMakeFiles/CMakeTmp'
Building C object CMakeFiles/cmTC_49ce5.dir/CheckSymbolExists.c.o
/usr/bin/cc   -D_GNU_SOURCE=1 -o CMakeFiles/cmTC_49ce5.dir/CheckSymbolExists.c.o -c /home/dev/projects/snake/build/CMakeFiles/CMakeTmp/CheckSymbolExists.c
Linking C executable cmTC_49ce5
/usr/bin/cmake -E cmake_link_script CMakeFiles/cmTC_49ce5.dir/link.txt --verbose=1
/usr/bin/cc   -D_GNU_SOURCE=1 CMakeFiles/cmTC_49ce5.dir/CheckSymbolExists.c.o -o cmTC_49ce5 
/usr/bin/ld: CMakeFiles/cmTC_49ce5.dir/CheckSymbolExists.c.o: in function `main':
CheckSymbolExists.c:(.text+0x1b): undefined reference to `dlopen'
collect2: error: ld returned 1 exit status
gmake[1]: *** [CMakeFiles/cmTC_49ce5.dir/build.make:106: cmTC_49ce5] Error 1
gmake[1]: Leaving directory '/home/dev/projects/snake/build/CMakeFiles/CMakeTmp'
gmake: *** [Makefile:140: cmTC_49ce5/fast] Error 2


File /home/dev/projects/snake/build/CMakeFiles/CMakeTmp/CheckSymbolExists.c:
/* */
#include <dlfcn.h>

int main(int argc, char** argv)
{
  (void)argv;
#ifndef dlopen
  return ((int*)(&dlopen))[argc];
#else
  (void)argc;
  return 0;
#endif
}
Performing C SOURCE FILE Test LIBC_HAS_WORKING_LIBUNWIND failed with the following output:
Change Dir: /home/dev/projects/snake/build/CMakeFiles/CMakeTmp

Run Build Command(s):/usr/bin/gmake cmTC_0e107/fast && /usr/bin/gmake  -f CMakeFiles/cmTC_0e107.dir/build.make CMakeFiles/cmTC_0e107.dir/build
gmake[1]: Entering directory '/home/dev/projects/snake/build/CMakeFiles/CMakeTmp'
Building C object CMakeFiles/cmTC_0e107.dir/src.c.o
/usr/bin/cc   -DLIBC_HAS_WORKING_LIBUNWIND  -D_GNU_SOURCE=1 -o CMakeFiles/cmTC_0e107.dir/src.c.o -c /home/dev/projects/snake/build/CMakeFiles/CMakeTmp/src.c
/home/dev/projects/snake/build/CMakeFiles/CMakeTmp/src.c:1:16: fatal error: libunwind.h: No such file or directory
    1 |       #include <libunwind.h>
      |                ^~~~~~~~~~~~~
compilation terminated.
gmake[1]: *** [CMakeFiles/cmTC_0e107.dir/build.make:85: CMakeFiles/cmTC_0e107.dir/src.c.o] Error 1
gmake[1]: Leaving directory '/home/dev/projects/snake/build/CMakeFiles/CMakeTmp'
gmake: *** [Makefile:140: cmTC_0e107/fast] Error 2


Source file was:
      #include <libunwind.h>
      int main(int argc, char *argv[]) {
        (void)argc; (void)argv;
        unw_context_t context;
        unw_cursor_t cursor;
        unw_word_t pc;
        char sym[256];
        unw_word_t offset;
        unw_getcontext(&context);
        unw_step(&cursor);
        unw_get_reg(&cursor, UNW_REG_IP, &pc);
        unw_get_proc_name(&cursor, sym, sizeof(sym), &offset);
        return 0;
      }
Performing C SOURCE FILE Test LIBUNWIND_HAS_WORKINGLIBUNWIND failed with the following output:
Change Dir: /home/dev/projects/snake/build/CMakeFiles/CMakeTmp

Run Build Command(s):/usr/bin/gmake cmTC_6d458/fast && /usr/bin/gmake  -f CMakeFiles/cmTC_6d458.dir/build.make CMakeFiles/cmTC_6d458.dir/build
gmake[1]: Entering directory '/home/dev/projects/snake/build/CMakeFiles/CMakeTmp'
Building C object CMakeFiles/cmTC_6d458.dir/src.c.o
/usr/bin/cc   -DLIBUNWIND_HAS_WORKINGLIBUNWIND  -D_GNU_SOURCE=1 -o CMakeFiles/cmTC_6d458.dir/src.c.o -c /home/dev/projects/snake/build/CMakeFiles/CMakeTmp/src.c
/home/dev/projects/snake/build/CMakeFiles/CMakeTmp/src.c:1:16: fatal error: libunwind.h: No such file or directory
    1 |       #include <libunwind.h>
      |                ^~~~~~~~~~~~~
compilation terminated.
gmake[1]: *** [CMakeFiles/cmTC_6d458.dir/build.make:85: CMakeFiles/cmTC_6d458.dir/src.c.o] Error 1
gmake[1]: Leaving directory '/home/dev/projects/snake/build/CMakeFiles/CMakeTmp'
gmake: *** [Makefile:140: cmTC_6d458/fast] Error 2


Source file was:
      #include <libunwind.h>
      int main(int argc, char *argv[]) {
        (void)argc; (void)argv;
        unw_context_t context;
        unw_cursor_t cursor;
        unw_word_t pc;
        char sym[256];
        unw_word_t offset;
        unw_getcontext(&context);
        unw_step(&cursor);
        unw_get_reg(&cursor, UNW_REG_IP, &pc);
        unw_get_proc_name(&cursor, sym, sizeof(sym), &offset);
        return 0;
      }
Determining if the include file pthread_np.h exists failed with the following output:
Change Dir: /home/dev/projects/snake/build/CMakeFiles/CMakeTmp

Run Build Command(s):/usr/bin/gmake cmTC_4df95/fast && /usr/bin/gmake  -f CMakeFiles/cmTC_4df95.dir/build.make CMakeFiles/cmTC_4df95.dir/build
gmake[1]: Entering directory '/home/dev/projects/snake/build/CMakeFiles/CMakeTmp'
Building C object CMakeFiles/cmTC_4df95.dir/CheckIncludeFile.c.o
/usr/bin/cc   -D_GNU_SOURCE=1 -D_REENTRANT -pthread -o CMakeFiles/cmTC_4df95.dir/CheckIncludeFile.c.o -c /home/dev/projects/snake/build/CMakeFiles/CMakeTmp/CheckIncludeFile.c
/home/dev/projects/snake/build/CMakeFiles/CMakeTmp/CheckIncludeFile.c:1:10: fatal error: pthread_np.h: No such file or directory
    1 | #include <pthread_np.h>
      |          ^~~~~~~~~~~~~~
compilation terminated.
gmake[1]: *** [CMakeFiles/cmTC_4df95.dir/build.make:85: CMakeFiles/cmTC_4df95.dir/CheckIncludeFile.c.o] Error 1
gmake[1]: Leaving directory '/home/dev/projects/snake/build/CMakeFiles/CMakeTmp'
gmake: *** [Makefile:140: cmTC_4df95/fast] Error 2



